<?xml version="1.0" encoding="UTF-8"?>
<testng-results skipped="0" failed="0" ignored="0" total="1" passed="1">
  <reporter-output>
  </reporter-output>
  <suite name="Default suite" duration-ms="1423" started-at="2021-12-03T07:27:18Z" finished-at="2021-12-03T07:27:20Z">
    <groups>
    </groups>
    <test name="Default test" duration-ms="1423" started-at="2021-12-03T07:27:18Z" finished-at="2021-12-03T07:27:20Z">
      <class name="restapi.PostRequest">
        <test-method status="PASS" signature="PostCall()[pri:0, instance:restapi.PostRequest@4a87761d]" name="PostCall" duration-ms="1405" started-at="2021-12-03T07:27:18Z" finished-at="2021-12-03T07:27:20Z">
          <reporter-output>
          </reporter-output>
        </test-method> <!-- PostCall -->
      </class> <!-- restapi.PostRequest -->
    </test> <!-- Default test -->
  </suite> <!-- Default suite -->
</testng-results>
